have_library: checking for gdbm_open() in -lgdbm... -------------------- no

"clang -o conftest -I../../.ext/include/x86_64-darwin16 -I../../../ruby/include -I../../../ruby/ext/gdbm -I/usr/local/opt/imagemagick@6/include -D_XOPEN_SOURCE -D_DARWIN_C_SOURCE -D_DARWIN_UNLIMITED_SELECT -D_REENTRANT   -O3 -ggdb3 -Wall -Wextra -Wno-unused-parameter -Wno-parentheses -Wno-long-long -Wno-missing-field-initializers -Wno-tautological-compare -Wno-parentheses-equality -Wno-constant-logical-operand -Wno-self-assign -Wunused-variable -Wimplicit-int -Wpointer-arith -Wwrite-strings -Wdeclaration-after-statement -Wshorten-64-to-32 -Wimplicit-function-declaration -Wdivision-by-zero -Wdeprecated-declarations -Wextra-tokens  -fno-common -pipe conftest.c  -L. -L../.. -L. -L/usr/local/opt/imagemagick@6/lib -fstack-protector -L/usr/local/lib     -lruby.2.5.0-static -framework Foundation  -lpthread -lgmp -ldl -lobjc "
checked program was:
/* begin */
1: #include "ruby.h"
2: 
3: int main(int argc, char **argv)
4: {
5:   return 0;
6: }
/* end */

"clang -o conftest -I../../.ext/include/x86_64-darwin16 -I../../../ruby/include -I../../../ruby/ext/gdbm -I/usr/local/opt/imagemagick@6/include -D_XOPEN_SOURCE -D_DARWIN_C_SOURCE -D_DARWIN_UNLIMITED_SELECT -D_REENTRANT   -O3 -ggdb3 -Wall -Wextra -Wno-unused-parameter -Wno-parentheses -Wno-long-long -Wno-missing-field-initializers -Wno-tautological-compare -Wno-parentheses-equality -Wno-constant-logical-operand -Wno-self-assign -Wunused-variable -Wimplicit-int -Wpointer-arith -Wwrite-strings -Wdeclaration-after-statement -Wshorten-64-to-32 -Wimplicit-function-declaration -Wdivision-by-zero -Wdeprecated-declarations -Wextra-tokens  -fno-common -pipe conftest.c  -L. -L../.. -L. -L/usr/local/opt/imagemagick@6/lib -fstack-protector -L/usr/local/lib     -lruby.2.5.0-static -framework Foundation -lgdbm  -lpthread -lgmp -ldl -lobjc "
conftest.c:13:57: error: use of undeclared identifier 'gdbm_open'
int t(void) { void ((*volatile p)()); p = (void ((*)()))gdbm_open; return !p; }
                                                        ^
1 error generated.
checked program was:
/* begin */
 1: #include "ruby.h"
 2: 
 3: /*top*/
 4: extern int t(void);
 5: int main(int argc, char **argv)
 6: {
 7:   if (argc > 1000000) {
 8:     printf("%p", &t);
 9:   }
10: 
11:   return 0;
12: }
13: int t(void) { void ((*volatile p)()); p = (void ((*)()))gdbm_open; return !p; }
/* end */

"clang -o conftest -I../../.ext/include/x86_64-darwin16 -I../../../ruby/include -I../../../ruby/ext/gdbm -I/usr/local/opt/imagemagick@6/include -D_XOPEN_SOURCE -D_DARWIN_C_SOURCE -D_DARWIN_UNLIMITED_SELECT -D_REENTRANT   -O3 -ggdb3 -Wall -Wextra -Wno-unused-parameter -Wno-parentheses -Wno-long-long -Wno-missing-field-initializers -Wno-tautological-compare -Wno-parentheses-equality -Wno-constant-logical-operand -Wno-self-assign -Wunused-variable -Wimplicit-int -Wpointer-arith -Wwrite-strings -Wdeclaration-after-statement -Wshorten-64-to-32 -Wimplicit-function-declaration -Wdivision-by-zero -Wdeprecated-declarations -Wextra-tokens  -fno-common -pipe conftest.c  -L. -L../.. -L. -L/usr/local/opt/imagemagick@6/lib -fstack-protector -L/usr/local/lib     -lruby.2.5.0-static -framework Foundation -lgdbm  -lpthread -lgmp -ldl -lobjc "
ld: library not found for -lgdbm
clang: error: linker command failed with exit code 1 (use -v to see invocation)
checked program was:
/* begin */
 1: #include "ruby.h"
 2: 
 3: /*top*/
 4: extern int t(void);
 5: int main(int argc, char **argv)
 6: {
 7:   if (argc > 1000000) {
 8:     printf("%p", &t);
 9:   }
10: 
11:   return 0;
12: }
13: extern void gdbm_open();
14: int t(void) { gdbm_open(); return 0; }
/* end */

--------------------

