have_struct_member: checking for struct stat.st_birthtimespec in sys/stat.h... -------------------- yes

"clang -o conftest -I../../.ext/include/x86_64-darwin16 -I../../../ruby/include -I../../../ruby/ext/pathname -I/usr/local/opt/imagemagick@6/include -D_XOPEN_SOURCE -D_DARWIN_C_SOURCE -D_DARWIN_UNLIMITED_SELECT -D_REENTRANT   -O3 -ggdb3 -Wall -Wextra -Wno-unused-parameter -Wno-parentheses -Wno-long-long -Wno-missing-field-initializers -Wno-tautological-compare -Wno-parentheses-equality -Wno-constant-logical-operand -Wno-self-assign -Wunused-variable -Wimplicit-int -Wpointer-arith -Wwrite-strings -Wdeclaration-after-statement -Wshorten-64-to-32 -Wimplicit-function-declaration -Wdivision-by-zero -Wdeprecated-declarations -Wextra-tokens  -fno-common -pipe conftest.c  -L. -L../.. -L. -L/usr/local/opt/imagemagick@6/lib -fstack-protector -L/usr/local/lib     -lruby.2.5.0-static -framework Foundation  -lpthread -lgmp -ldl -lobjc "
checked program was:
/* begin */
1: #include "ruby.h"
2: 
3: int main(int argc, char **argv)
4: {
5:   return 0;
6: }
/* end */

"clang -I../../.ext/include/x86_64-darwin16 -I../../../ruby/include -I../../../ruby/ext/pathname -I/usr/local/opt/imagemagick@6/include -D_XOPEN_SOURCE -D_DARWIN_C_SOURCE -D_DARWIN_UNLIMITED_SELECT -D_REENTRANT   -O3 -ggdb3 -Wall -Wextra -Wno-unused-parameter -Wno-parentheses -Wno-long-long -Wno-missing-field-initializers -Wno-tautological-compare -Wno-parentheses-equality -Wno-constant-logical-operand -Wno-self-assign -Wunused-variable -Wimplicit-int -Wpointer-arith -Wwrite-strings -Wdeclaration-after-statement -Wshorten-64-to-32 -Wimplicit-function-declaration -Wdivision-by-zero -Wdeprecated-declarations -Wextra-tokens  -fno-common -pipe   -c conftest.c"
checked program was:
/* begin */
 1: #include "ruby.h"
 2: 
 3: #include <sys/stat.h>
 4: 
 5: /*top*/
 6: int s = (char *)&((struct stat*)0)->st_birthtimespec - (char *)0;
 7: int main(int argc, char **argv)
 8: {
 9:   return 0;
10: }
/* end */

--------------------

extconf.h is:
/* begin */
1: #ifndef EXTCONF_H
2: #define EXTCONF_H
3: #define HAVE_STRUCT_STAT_ST_BIRTHTIMESPEC 1
4: #define HAVE_ST_ST_BIRTHTIMESPEC 1
5: #endif
/* end */

