have_func: checking for rb_enc_raise() in ruby.h... -------------------- yes

"clang -o conftest -I../../../.ext/include/x86_64-darwin16 -I../../../../ruby/include -I../../../../ruby/ext/json/parser -I/usr/local/opt/imagemagick@6/include -D_XOPEN_SOURCE -D_DARWIN_C_SOURCE -D_DARWIN_UNLIMITED_SELECT -D_REENTRANT   -O3 -ggdb3 -Wall -Wextra -Wno-unused-parameter -Wno-parentheses -Wno-long-long -Wno-missing-field-initializers -Wno-tautological-compare -Wno-parentheses-equality -Wno-constant-logical-operand -Wno-self-assign -Wunused-variable -Wimplicit-int -Wpointer-arith -Wwrite-strings -Wdeclaration-after-statement -Wshorten-64-to-32 -Wimplicit-function-declaration -Wdivision-by-zero -Wdeprecated-declarations -Wextra-tokens  -fno-common -pipe conftest.c  -L. -L../../.. -L. -L/usr/local/opt/imagemagick@6/lib -fstack-protector -L/usr/local/lib     -lruby.2.5.0-static -framework Foundation  -lpthread -lgmp -ldl -lobjc "
checked program was:
/* begin */
1: #include "ruby.h"
2: 
3: int main(int argc, char **argv)
4: {
5:   return 0;
6: }
/* end */

"clang -o conftest -I../../../.ext/include/x86_64-darwin16 -I../../../../ruby/include -I../../../../ruby/ext/json/parser -I/usr/local/opt/imagemagick@6/include -D_XOPEN_SOURCE -D_DARWIN_C_SOURCE -D_DARWIN_UNLIMITED_SELECT -D_REENTRANT   -O3 -ggdb3 -Wall -Wextra -Wno-unused-parameter -Wno-parentheses -Wno-long-long -Wno-missing-field-initializers -Wno-tautological-compare -Wno-parentheses-equality -Wno-constant-logical-operand -Wno-self-assign -Wunused-variable -Wimplicit-int -Wpointer-arith -Wwrite-strings -Wdeclaration-after-statement -Wshorten-64-to-32 -Wimplicit-function-declaration -Wdivision-by-zero -Wdeprecated-declarations -Wextra-tokens  -fno-common -pipe conftest.c  -L. -L../../.. -L. -L/usr/local/opt/imagemagick@6/lib -fstack-protector -L/usr/local/lib     -lruby.2.5.0-static -framework Foundation  -lpthread -lgmp -ldl -lobjc "
conftest.c:15:57: error: use of undeclared identifier 'rb_enc_raise'
int t(void) { void ((*volatile p)()); p = (void ((*)()))rb_enc_raise; return !p; }
                                                        ^
1 error generated.
checked program was:
/* begin */
 1: #include "ruby.h"
 2: 
 3: #include <ruby.h>
 4: 
 5: /*top*/
 6: extern int t(void);
 7: int main(int argc, char **argv)
 8: {
 9:   if (argc > 1000000) {
10:     printf("%p", &t);
11:   }
12: 
13:   return 0;
14: }
15: int t(void) { void ((*volatile p)()); p = (void ((*)()))rb_enc_raise; return !p; }
/* end */

"clang -o conftest -I../../../.ext/include/x86_64-darwin16 -I../../../../ruby/include -I../../../../ruby/ext/json/parser -I/usr/local/opt/imagemagick@6/include -D_XOPEN_SOURCE -D_DARWIN_C_SOURCE -D_DARWIN_UNLIMITED_SELECT -D_REENTRANT   -O3 -ggdb3 -Wall -Wextra -Wno-unused-parameter -Wno-parentheses -Wno-long-long -Wno-missing-field-initializers -Wno-tautological-compare -Wno-parentheses-equality -Wno-constant-logical-operand -Wno-self-assign -Wunused-variable -Wimplicit-int -Wpointer-arith -Wwrite-strings -Wdeclaration-after-statement -Wshorten-64-to-32 -Wimplicit-function-declaration -Wdivision-by-zero -Wdeprecated-declarations -Wextra-tokens  -fno-common -pipe conftest.c  -L. -L../../.. -L. -L/usr/local/opt/imagemagick@6/lib -fstack-protector -L/usr/local/lib     -lruby.2.5.0-static -framework Foundation  -lpthread -lgmp -ldl -lobjc "
checked program was:
/* begin */
 1: #include "ruby.h"
 2: 
 3: #include <ruby.h>
 4: 
 5: /*top*/
 6: extern int t(void);
 7: int main(int argc, char **argv)
 8: {
 9:   if (argc > 1000000) {
10:     printf("%p", &t);
11:   }
12: 
13:   return 0;
14: }
15: extern void rb_enc_raise();
16: int t(void) { rb_enc_raise(); return 0; }
/* end */

--------------------

extconf.h is:
/* begin */
1: #ifndef EXTCONF_H
2: #define EXTCONF_H
3: #define HAVE_RB_ENC_RAISE 1
4: #endif
/* end */

